fixme:heap:RtlSetHeapInformation (nil) 1 (nil) 0 stub
fixme:system:SetProcessDPIAware stub!
fixme:process:SetProcessDEPPolicy (3): stub
fixme:msvcrt:__clean_type_info_names_internal (0x156d638c) stub
fixme:msvcrt:__clean_type_info_names_internal (0x1508536c) stub
fixme:msvcrt:__clean_type_info_names_internal (0x16002444) stub
fixme:msvcrt:__clean_type_info_names_internal (0x1504336c) stub
fixme:msvcrt:__clean_type_info_names_internal (0x15064374) stub
fixme:msvcrt:__clean_type_info_names_internal (0x1610451c) stub
fixme:msvcrt:__clean_type_info_names_internal (0x150ce434) stub
fixme:msvcrt:__clean_type_info_names_internal (0x1621d01c) stub
fixme:msvcrt:__clean_type_info_names_internal (0x159da364) stub
fixme:msvcrt:__clean_type_info_names_internal (0x15ef2864) stub
fixme:msvcrt:__clean_type_info_names_internal (0x1714cc04) stub
fixme:msvcrt:__clean_type_info_names_internal (0x1715b29c) stub
fixme:msvcrt:__clean_type_info_names_internal (0x1255454) stub
fixme:msvcrt:__clean_type_info_names_internal (0x152d559c) stub
fixme:msvcrt:__clean_type_info_names_internal (0x153d562c) stub
fixme:msvcrt:__clean_type_info_names_internal (0x150a538c) stub
fixme:msvcrt:__clean_type_info_names_internal (0x15003774) stub
fixme:msvcrt:__clean_type_info_names_internal (0x15deac0c) stub
fixme:msvcrt:__clean_type_info_names_internal (0x1503303c) stub
fixme:msvcrt:__clean_type_info_names_internal (0x15ce6d8c) stub
fixme:process:GetSystemDEPPolicy stub
fixme:msvcrt:__clean_type_info_names_internal (0x158daa6c) stub
err:module:import_dll Library python27.dll (which is needed by L"Z:\\home\\bluecake\\tool\\IDAPro6.6\\plugins\\python.plw") not found
fixme:msvcrt:__clean_type_info_names_internal (0x151d0a3c) stub
fixme:msvcrt:__clean_type_info_names_internal (0x1505336c) stub
fixme:msvcrt:__clean_type_info_names_internal (0x1502303c) stub
fixme:msvcrt:__clean_type_info_names_internal (0x1507537c) stub
fixme:msvcrt:__clean_type_info_names_internal (0x15095374) stub
fixme:msvcrt:__clean_type_info_names_internal (0x1501336c) stub
fixme:msvcrt:__clean_type_info_names_internal (0x150b762c) stub
fixme:msvcrt:__clean_type_info_names_internal (0x157d75ac) stub
fixme:process:GetSystemDEPPolicy stub
fixme:msvcrt:__clean_type_info_names_internal (0x15ae0eec) stub
fixme:msvcrt:__clean_type_info_names_internal (0x155d6084) stub
fixme:msvcrt:__clean_type_info_names_internal (0x154d6394) stub
fixme:process:GetSystemDEPPolicy stub
fixme:msvcrt:__clean_type_info_names_internal (0x15be5544) stub
fixme:msvcrt:__clean_type_info_names_internal (0x15003774) stub
err:module:import_dll Library python27.dll (which is needed by L"Z:\\home\\bluecake\\tool\\IDAPro6.6\\plugins\\python.plw") not found
fixme:msvcrt:__clean_type_info_names_internal (0x1400440c) stub
fixme:msvcrt:__clean_type_info_names_internal (0x1400440c) stub
fixme:msvcrt:__clean_type_info_names_internal (0x1400540c) stub
fixme:msvcrt:__clean_type_info_names_internal (0x1400440c) stub
fixme:msvcrt:__clean_type_info_names_internal (0x1400350c) stub
fixme:msvcrt:__clean_type_info_names_internal (0x140155dc) stub
fixme:msvcrt:__clean_type_info_names_internal (0x140184ec) stub
fixme:msvcrt:__clean_type_info_names_internal (0x140084b4) stub
fixme:msvcrt:__clean_type_info_names_internal (0x14004624) stub
fixme:msvcrt:__clean_type_info_names_internal (0x140263d4) stub
fixme:msvcrt:__clean_type_info_names_internal (0x1400e88c) stub
fixme:msvcrt:__clean_type_info_names_internal (0x1400440c) stub
fixme:msvcrt:__clean_type_info_names_internal (0x1400740c) stub
fixme:msvcrt:__clean_type_info_names_internal (0x1400443c) stub
fixme:msvcrt:__clean_type_info_names_internal (0x1400542c) stub
fixme:msvcrt:__clean_type_info_names_internal (0x140044b4) stub
fixme:msvcrt:__clean_type_info_names_internal (0x140030dc) stub
fixme:msvcrt:__clean_type_info_names_internal (0x1400842c) stub
fixme:msvcrt:__clean_type_info_names_internal (0x1402959c) stub
fixme:msvcrt:__clean_type_info_names_internal (0x14003814) stub
fixme:msvcrt:__clean_type_info_names_internal (0x1400440c) stub
fixme:msvcrt:__clean_type_info_names_internal (0x14008464) stub
fixme:msvcrt:__clean_type_info_names_internal (0x140068ac) stub
fixme:msvcrt:__clean_type_info_names_internal (0x1400f99c) stub
fixme:msvcrt:__clean_type_info_names_internal (0x1400440c) stub
fixme:msvcrt:__clean_type_info_names_internal (0x140328a4) stub
fixme:msvcrt:__clean_type_info_names_internal (0x1400640c) stub
fixme:msvcrt:__clean_type_info_names_internal (0x1400540c) stub
fixme:msvcrt:__clean_type_info_names_internal (0x1400644c) stub
fixme:msvcrt:__clean_type_info_names_internal (0x1400440c) stub
fixme:msvcrt:__clean_type_info_names_internal (0x1400440c) stub
fixme:msvcrt:__clean_type_info_names_internal (0x1400440c) stub
fixme:msvcrt:__clean_type_info_names_internal (0x14004414) stub
fixme:msvcrt:__clean_type_info_names_internal (0x1400342c) stub
fixme:msvcrt:__clean_type_info_names_internal (0x1400b46c) stub
fixme:msvcrt:__clean_type_info_names_internal (0x1400440c) stub
fixme:imm:NotifyIME IMC_SETCANDIDATEPOS
fixme:imm:ImmReleaseContext (0x20040, 0x1b4eb0): stub
fixme:win:FlashWindowEx 0x33dea4 - semi-stub
fixme:win:FlashWindowEx 0x33bed4 - semi-stub
fixme:win:FlashWindowEx 0x33dc84 - semi-stub
fixme:win:FlashWindowEx 0x33ddb4 - semi-stub
fixme:msvcrt:__clean_type_info_names_internal (0x150ce434) stub
fixme:win:FlashWindowEx 0x338914 - semi-stub
fixme:win:FlashWindowEx 0x336264 - semi-stub
fixme:msvcrt:__clean_type_info_names_internal (0x150ce434) stub
fixme:msvcrt:__clean_type_info_names_internal (0x140263d4) stub
fixme:win:FlashWindowEx 0x33e014 - semi-stub
fixme:win:FlashWindowEx 0x33dbf4 - semi-stub
fixme:win:FlashWindowEx 0x33bc24 - semi-stub
fixme:win:FlashWindowEx 0x33de64 - semi-stub
fixme:msvcrt:__clean_type_info_names_internal (0x2edcc04) stub
fixme:msvcrt:__clean_type_info_names_internal (0x150b762c) stub
fixme:msvcrt:__clean_type_info_names_internal (0x1508536c) stub
fixme:ver:GetCurrentPackageId (0x33f1fc (nil)): stub
fixme:msvcrt:__clean_type_info_names_internal (0x156d638c) stub
fixme:msvcrt:__clean_type_info_names_internal (0x1508536c) stub
fixme:msvcrt:__clean_type_info_names_internal (0x1504336c) stub
fixme:msvcrt:__clean_type_info_names_internal (0x15064374) stub
fixme:msvcrt:__clean_type_info_names_internal (0x1610451c) stub
fixme:msvcrt:__clean_type_info_names_internal (0x159da364) stub
fixme:msvcrt:__clean_type_info_names_internal (0x3e3cc04) stub
fixme:msvcrt:__clean_type_info_names_internal (0x153d562c) stub
fixme:msvcrt:__clean_type_info_names_internal (0x150a538c) stub
fixme:msvcrt:__clean_type_info_names_internal (0x15003774) stub
fixme:msvcrt:__clean_type_info_names_internal (0x15deac0c) stub
fixme:msvcrt:__clean_type_info_names_internal (0x1503303c) stub
fixme:process:GetSystemDEPPolicy stub
err:module:import_dll Library python27.dll (which is needed by L"Z:\\home\\bluecake\\tool\\IDAPro6.6\\plugins\\python.plw") not found
fixme:msvcrt:__clean_type_info_names_internal (0x1505336c) stub
fixme:msvcrt:__clean_type_info_names_internal (0x1502303c) stub
fixme:msvcrt:__clean_type_info_names_internal (0x1507537c) stub
fixme:msvcrt:__clean_type_info_names_internal (0x1501336c) stub
fixme:msvcrt:__clean_type_info_names_internal (0x150b762c) stub
fixme:msvcrt:__clean_type_info_names_internal (0x157d75ac) stub
fixme:process:GetSystemDEPPolicy stub
fixme:msvcrt:__clean_type_info_names_internal (0x15ae0eec) stub
fixme:msvcrt:__clean_type_info_names_internal (0x155d6084) stub
fixme:msvcrt:__clean_type_info_names_internal (0x154d6394) stub
fixme:process:GetSystemDEPPolicy stub
fixme:msvcrt:__clean_type_info_names_internal (0x15be5544) stub
fixme:process:GetSystemDEPPolicy stub
fixme:msvcrt:__clean_type_info_names_internal (0x15be5544) stub
fixme:process:GetSystemDEPPolicy stub
fixme:msvcrt:__clean_type_info_names_internal (0x15ae0eec) stub
fixme:msvcrt:__clean_type_info_names_internal (0x157d75ac) stub
fixme:msvcrt:__clean_type_info_names_internal (0x156d638c) stub
fixme:msvcrt:__clean_type_info_names_internal (0x155d6084) stub
fixme:msvcrt:__clean_type_info_names_internal (0x154d6394) stub
fixme:msvcrt:__clean_type_info_names_internal (0x153d562c) stub
fixme:msvcrt:__clean_type_info_names_internal (0x159da364) stub
fixme:imm:NotifyIME IMC_SETCANDIDATEPOS
fixme:win:RegisterTouchWindow (0x1006c 00000000): stub
fixme:win:RegisterTouchWindow (0x1006c 00000000): stub
fixme:imm:NotifyIME IMC_SETCANDIDATEPOS
fixme:win:RegisterTouchWindow (0x1006c 00000000): stub
fixme:win:RegisterTouchWindow (0x1006c 00000000): stub
fixme:imm:NotifyIME IMC_SETCANDIDATEPOS
fixme:imm:NotifyIME IMC_SETCANDIDATEPOS
fixme:win:FlashWindowEx 0x33c344 - semi-stub
fixme:win:FlashWindowEx 0x33c5b4 - semi-stub
fixme:imm:NotifyIME IMC_SETCANDIDATEPOS
fixme:win:FlashWindowEx 0x339ec4 - semi-stub
fixme:win:FlashWindowEx 0x337ad4 - semi-stub
fixme:imm:NotifyIME IMC_SETCANDIDATEPOS
fixme:win:FlashWindowEx 0x33c3c4 - semi-stub
fixme:ole:snapshot_QueryGetData (0x1e5dc8, 0x33a12c {cf 000d ptd (nil) aspect 1 lindex -1 tymed 1})
fixme:ole:snapshot_QueryGetData (0x1e5dc8, 0x33a108 {cf 000d ptd (nil) aspect 1 lindex -1 tymed 1})
fixme:ole:get_tymed_from_nonole_cf returning TYMED_NULL for cf 0010
fixme:win:FlashWindowEx 0x339c74 - semi-stub
fixme:win:FlashWindowEx 0x33be64 - semi-stub
fixme:win:FlashWindowEx 0x33c0c4 - semi-stub
fixme:win:RegisterTouchWindow (0x1006c 00000000): stub
fixme:win:FlashWindowEx 0x33d1f4 - semi-stub
fixme:imm:NotifyIME IMC_SETCANDIDATEPOS
fixme:win:FlashWindowEx 0x33c3c4 - semi-stub
fixme:ole:snapshot_QueryGetData (0x1e5710, 0x33a12c {cf 000d ptd (nil) aspect 1 lindex -1 tymed 1})
fixme:ole:snapshot_QueryGetData (0x1e5710, 0x33a108 {cf 000d ptd (nil) aspect 1 lindex -1 tymed 1})
fixme:ole:get_tymed_from_nonole_cf returning TYMED_NULL for cf 0010
fixme:win:FlashWindowEx 0x339c74 - semi-stub
fixme:win:FlashWindowEx 0x33be64 - semi-stub
fixme:win:FlashWindowEx 0x33c0c4 - semi-stub
fixme:win:RegisterTouchWindow (0x70088 00000000): stub
fixme:win:FlashWindowEx 0x33d1f4 - semi-stub
fixme:imm:NotifyIME IMC_SETCANDIDATEPOS
fixme:win:FlashWindowEx 0x33c3c4 - semi-stub
fixme:ole:snapshot_QueryGetData (0x1bb708, 0x33a12c {cf 000d ptd (nil) aspect 1 lindex -1 tymed 1})
fixme:ole:snapshot_QueryGetData (0x1bb708, 0x33a108 {cf 000d ptd (nil) aspect 1 lindex -1 tymed 1})
fixme:ole:get_tymed_from_nonole_cf returning TYMED_NULL for cf 0010
fixme:win:FlashWindowEx 0x339c74 - semi-stub
fixme:win:FlashWindowEx 0x33bb64 - semi-stub
fixme:win:FlashWindowEx 0x33bdd4 - semi-stub
fixme:win:FlashWindowEx 0x33d1f4 - semi-stub
fixme:imm:NotifyIME IMC_SETCANDIDATEPOS
fixme:win:FlashWindowEx 0x33c3c4 - semi-stub
fixme:ole:snapshot_QueryGetData (0x1e5710, 0x33a12c {cf 000d ptd (nil) aspect 1 lindex -1 tymed 1})
fixme:ole:snapshot_QueryGetData (0x1e5710, 0x33a108 {cf 000d ptd (nil) aspect 1 lindex -1 tymed 1})
fixme:ole:get_tymed_from_nonole_cf returning TYMED_NULL for cf 0010
fixme:win:FlashWindowEx 0x339c74 - semi-stub
fixme:win:FlashWindowEx 0x33d394 - semi-stub
fixme:imm:NotifyIME IMC_SETCANDIDATEPOS
fixme:win:FlashWindowEx 0x33c3c4 - semi-stub
fixme:ole:snapshot_QueryGetData (0x1e1c38, 0x33a12c {cf 000d ptd (nil) aspect 1 lindex -1 tymed 1})
fixme:ole:snapshot_QueryGetData (0x1e1c38, 0x33a108 {cf 000d ptd (nil) aspect 1 lindex -1 tymed 1})
fixme:ole:get_tymed_from_nonole_cf returning TYMED_NULL for cf 0010
fixme:imm:NotifyIME IMC_SETCANDIDATEPOS
fixme:win:FlashWindowEx 0x339d24 - semi-stub
fixme:win:FlashWindowEx 0x33d1f4 - semi-stub
fixme:imm:NotifyIME IMC_SETCANDIDATEPOS
fixme:win:FlashWindowEx 0x33c3c4 - semi-stub
fixme:ole:snapshot_QueryGetData (0x1e7e60, 0x33a12c {cf 000d ptd (nil) aspect 1 lindex -1 tymed 1})
fixme:ole:snapshot_QueryGetData (0x1e7e60, 0x33a108 {cf 000d ptd (nil) aspect 1 lindex -1 tymed 1})
fixme:ole:get_tymed_from_nonole_cf returning TYMED_NULL for cf 0010
fixme:win:FlashWindowEx 0x339d24 - semi-stub
fixme:win:FlashWindowEx 0x33d1f4 - semi-stub
fixme:win:RegisterTouchWindow (0xc0088 00000000): stub
fixme:imm:NotifyIME IMC_SETCANDIDATEPOS
fixme:win:FlashWindowEx 0x33c3c4 - semi-stub
fixme:ole:snapshot_QueryGetData (0x1d97d0, 0x33a12c {cf 000d ptd (nil) aspect 1 lindex -1 tymed 1})
fixme:ole:snapshot_QueryGetData (0x1d97d0, 0x33a108 {cf 000d ptd (nil) aspect 1 lindex -1 tymed 1})
fixme:ole:get_tymed_from_nonole_cf returning TYMED_NULL for cf 0010
fixme:win:FlashWindowEx 0x339d24 - semi-stub
fixme:win:FlashWindowEx 0x33d1f4 - semi-stub
fixme:imm:NotifyIME IMC_SETCANDIDATEPOS
fixme:win:FlashWindowEx 0x33c3c4 - semi-stub
fixme:ole:snapshot_QueryGetData (0x1d97d0, 0x33a12c {cf 000d ptd (nil) aspect 1 lindex -1 tymed 1})
fixme:ole:snapshot_QueryGetData (0x1d97d0, 0x33a108 {cf 000d ptd (nil) aspect 1 lindex -1 tymed 1})
fixme:ole:get_tymed_from_nonole_cf returning TYMED_NULL for cf 0010
fixme:win:FlashWindowEx 0x339d24 - semi-stub
fixme:win:FlashWindowEx 0x33d1f4 - semi-stub
fixme:imm:NotifyIME IMC_SETCANDIDATEPOS
fixme:win:FlashWindowEx 0x33c3c4 - semi-stub
fixme:ole:snapshot_QueryGetData (0x1e5728, 0x33a12c {cf 000d ptd (nil) aspect 1 lindex -1 tymed 1})
fixme:ole:snapshot_QueryGetData (0x1e5728, 0x33a108 {cf 000d ptd (nil) aspect 1 lindex -1 tymed 1})
fixme:ole:get_tymed_from_nonole_cf returning TYMED_NULL for cf 0010
fixme:win:FlashWindowEx 0x339d24 - semi-stub
err:clipboard:convert_selection Timed out waiting for SelectionNotify event
err:clipboard:convert_selection Timed out waiting for SelectionNotify event
fixme:heap:RtlSetHeapInformation (nil) 1 (nil) 0 stub
fixme:system:SetProcessDPIAware stub!
fixme:process:SetProcessDEPPolicy (3): stub
fixme:msvcrt:__clean_type_info_names_internal (0x156d638c) stub
fixme:msvcrt:__clean_type_info_names_internal (0x1508536c) stub
fixme:msvcrt:__clean_type_info_names_internal (0x16002444) stub
fixme:msvcrt:__clean_type_info_names_internal (0x1504336c) stub
fixme:msvcrt:__clean_type_info_names_internal (0x15064374) stub
fixme:msvcrt:__clean_type_info_names_internal (0x1610451c) stub
fixme:msvcrt:__clean_type_info_names_internal (0x150ce434) stub
fixme:msvcrt:__clean_type_info_names_internal (0x1621d01c) stub
fixme:msvcrt:__clean_type_info_names_internal (0x159da364) stub
fixme:msvcrt:__clean_type_info_names_internal (0x15ef2864) stub
fixme:msvcrt:__clean_type_info_names_internal (0x1714cc04) stub
fixme:msvcrt:__clean_type_info_names_internal (0x1715b29c) stub
fixme:msvcrt:__clean_type_info_names_internal (0x1255454) stub
fixme:msvcrt:__clean_type_info_names_internal (0x152d559c) stub
fixme:msvcrt:__clean_type_info_names_internal (0x153d562c) stub
fixme:msvcrt:__clean_type_info_names_internal (0x150a538c) stub
fixme:msvcrt:__clean_type_info_names_internal (0x15003774) stub
fixme:msvcrt:__clean_type_info_names_internal (0x15deac0c) stub
fixme:msvcrt:__clean_type_info_names_internal (0x1503303c) stub
fixme:msvcrt:__clean_type_info_names_internal (0x15ce6d8c) stub
fixme:process:GetSystemDEPPolicy stub
fixme:msvcrt:__clean_type_info_names_internal (0x158daa6c) stub
err:module:import_dll Library python27.dll (which is needed by L"Z:\\home\\bluecake\\tool\\IDAPro6.6\\plugins\\python.plw") not found
fixme:msvcrt:__clean_type_info_names_internal (0x151d0a3c) stub
fixme:msvcrt:__clean_type_info_names_internal (0x1505336c) stub
fixme:msvcrt:__clean_type_info_names_internal (0x1502303c) stub
fixme:msvcrt:__clean_type_info_names_internal (0x1507537c) stub
fixme:msvcrt:__clean_type_info_names_internal (0x15095374) stub
fixme:msvcrt:__clean_type_info_names_internal (0x1501336c) stub
fixme:msvcrt:__clean_type_info_names_internal (0x150b762c) stub
fixme:msvcrt:__clean_type_info_names_internal (0x157d75ac) stub
fixme:process:GetSystemDEPPolicy stub
fixme:msvcrt:__clean_type_info_names_internal (0x15ae0eec) stub
fixme:msvcrt:__clean_type_info_names_internal (0x155d6084) stub
fixme:msvcrt:__clean_type_info_names_internal (0x154d6394) stub
fixme:process:GetSystemDEPPolicy stub
fixme:msvcrt:__clean_type_info_names_internal (0x15be5544) stub
fixme:win:FlashWindowEx 0x33b854 - semi-stub
fixme:msvcrt:__clean_type_info_names_internal (0x15003774) stub
err:module:import_dll Library python27.dll (which is needed by L"Z:\\home\\bluecake\\tool\\IDAPro6.6\\plugins\\python.plw") not found
fixme:msvcrt:__clean_type_info_names_internal (0x1400440c) stub
fixme:msvcrt:__clean_type_info_names_internal (0x1400440c) stub
fixme:msvcrt:__clean_type_info_names_internal (0x1400540c) stub
fixme:msvcrt:__clean_type_info_names_internal (0x1400440c) stub
fixme:msvcrt:__clean_type_info_names_internal (0x1400350c) stub
fixme:msvcrt:__clean_type_info_names_internal (0x140155dc) stub
fixme:msvcrt:__clean_type_info_names_internal (0x140184ec) stub
fixme:msvcrt:__clean_type_info_names_internal (0x140084b4) stub
fixme:msvcrt:__clean_type_info_names_internal (0x14004624) stub
fixme:msvcrt:__clean_type_info_names_internal (0x140263d4) stub
fixme:msvcrt:__clean_type_info_names_internal (0x1400e88c) stub
fixme:msvcrt:__clean_type_info_names_internal (0x1400440c) stub
fixme:msvcrt:__clean_type_info_names_internal (0x1400740c) stub
fixme:msvcrt:__clean_type_info_names_internal (0x1400443c) stub
fixme:msvcrt:__clean_type_info_names_internal (0x1400542c) stub
fixme:msvcrt:__clean_type_info_names_internal (0x140044b4) stub
fixme:msvcrt:__clean_type_info_names_internal (0x140030dc) stub
fixme:msvcrt:__clean_type_info_names_internal (0x1400842c) stub
fixme:msvcrt:__clean_type_info_names_internal (0x1402959c) stub
fixme:msvcrt:__clean_type_info_names_internal (0x14003814) stub
fixme:msvcrt:__clean_type_info_names_internal (0x1400440c) stub
fixme:msvcrt:__clean_type_info_names_internal (0x14008464) stub
fixme:msvcrt:__clean_type_info_names_internal (0x140068ac) stub
fixme:msvcrt:__clean_type_info_names_internal (0x1400f99c) stub
fixme:msvcrt:__clean_type_info_names_internal (0x1400440c) stub
fixme:msvcrt:__clean_type_info_names_internal (0x140328a4) stub
fixme:msvcrt:__clean_type_info_names_internal (0x1400640c) stub
fixme:msvcrt:__clean_type_info_names_internal (0x1400540c) stub
fixme:msvcrt:__clean_type_info_names_internal (0x1400644c) stub
fixme:msvcrt:__clean_type_info_names_internal (0x1400440c) stub
fixme:msvcrt:__clean_type_info_names_internal (0x1400440c) stub
fixme:msvcrt:__clean_type_info_names_internal (0x1400440c) stub
fixme:msvcrt:__clean_type_info_names_internal (0x14004414) stub
fixme:msvcrt:__clean_type_info_names_internal (0x1400342c) stub
fixme:msvcrt:__clean_type_info_names_internal (0x1400b46c) stub
fixme:msvcrt:__clean_type_info_names_internal (0x1400440c) stub
fixme:imm:NotifyIME IMC_SETCANDIDATEPOS
fixme:imm:ImmReleaseContext (0x20080, 0x1c4ca8): stub
fixme:win:FlashWindowEx 0x33dea4 - semi-stub
fixme:win:FlashWindowEx 0x33bed4 - semi-stub
fixme:win:FlashWindowEx 0x33dc84 - semi-stub
fixme:win:FlashWindowEx 0x33ddb4 - semi-stub
fixme:msvcrt:__clean_type_info_names_internal (0x150ce434) stub
fixme:win:FlashWindowEx 0x338914 - semi-stub
fixme:win:FlashWindowEx 0x336264 - semi-stub
fixme:msvcrt:__clean_type_info_names_internal (0x150ce434) stub
fixme:msvcrt:__clean_type_info_names_internal (0x140263d4) stub
fixme:win:FlashWindowEx 0x33e014 - semi-stub
fixme:win:FlashWindowEx 0x33dbf4 - semi-stub
fixme:win:FlashWindowEx 0x33be14 - semi-stub
fixme:win:FlashWindowEx 0x33de64 - semi-stub
fixme:msvcrt:__clean_type_info_names_internal (0x332cc04) stub
fixme:msvcrt:__clean_type_info_names_internal (0x150b762c) stub
fixme:msvcrt:__clean_type_info_names_internal (0x1508536c) stub
fixme:ver:GetCurrentPackageId (0x33f1fc (nil)): stub
fixme:msvcrt:__clean_type_info_names_internal (0x156d638c) stub
fixme:msvcrt:__clean_type_info_names_internal (0x1508536c) stub
fixme:msvcrt:__clean_type_info_names_internal (0x1504336c) stub
fixme:msvcrt:__clean_type_info_names_internal (0x15064374) stub
fixme:msvcrt:__clean_type_info_names_internal (0x1610451c) stub
fixme:msvcrt:__clean_type_info_names_internal (0x159da364) stub
fixme:msvcrt:__clean_type_info_names_internal (0x428cc04) stub
fixme:msvcrt:__clean_type_info_names_internal (0x153d562c) stub
fixme:msvcrt:__clean_type_info_names_internal (0x150a538c) stub
fixme:msvcrt:__clean_type_info_names_internal (0x15003774) stub
fixme:msvcrt:__clean_type_info_names_internal (0x15deac0c) stub
fixme:msvcrt:__clean_type_info_names_internal (0x1503303c) stub
fixme:process:GetSystemDEPPolicy stub
err:module:import_dll Library python27.dll (which is needed by L"Z:\\home\\bluecake\\tool\\IDAPro6.6\\plugins\\python.plw") not found
fixme:msvcrt:__clean_type_info_names_internal (0x1505336c) stub
fixme:msvcrt:__clean_type_info_names_internal (0x1502303c) stub
fixme:msvcrt:__clean_type_info_names_internal (0x1507537c) stub
fixme:msvcrt:__clean_type_info_names_internal (0x1501336c) stub
fixme:msvcrt:__clean_type_info_names_internal (0x150b762c) stub
fixme:msvcrt:__clean_type_info_names_internal (0x157d75ac) stub
fixme:process:GetSystemDEPPolicy stub
fixme:msvcrt:__clean_type_info_names_internal (0x15ae0eec) stub
fixme:msvcrt:__clean_type_info_names_internal (0x155d6084) stub
fixme:msvcrt:__clean_type_info_names_internal (0x154d6394) stub
fixme:process:GetSystemDEPPolicy stub
fixme:msvcrt:__clean_type_info_names_internal (0x15be5544) stub
fixme:process:GetSystemDEPPolicy stub
fixme:msvcrt:__clean_type_info_names_internal (0x15be5544) stub
fixme:process:GetSystemDEPPolicy stub
fixme:msvcrt:__clean_type_info_names_internal (0x15ae0eec) stub
fixme:msvcrt:__clean_type_info_names_internal (0x157d75ac) stub
fixme:msvcrt:__clean_type_info_names_internal (0x156d638c) stub
fixme:msvcrt:__clean_type_info_names_internal (0x155d6084) stub
fixme:msvcrt:__clean_type_info_names_internal (0x154d6394) stub
fixme:msvcrt:__clean_type_info_names_internal (0x153d562c) stub
fixme:msvcrt:__clean_type_info_names_internal (0x159da364) stub
fixme:imm:NotifyIME IMC_SETCANDIDATEPOS
fixme:win:RegisterTouchWindow (0x1006c 00000000): stub
fixme:win:RegisterTouchWindow (0x1006c 00000000): stub
fixme:imm:NotifyIME IMC_SETCANDIDATEPOS
fixme:win:RegisterTouchWindow (0x1006c 00000000): stub
fixme:win:RegisterTouchWindow (0x1006c 00000000): stub
fixme:imm:NotifyIME IMC_SETCANDIDATEPOS
fixme:imm:NotifyIME IMC_SETCANDIDATEPOS
fixme:win:FlashWindowEx 0x33c344 - semi-stub
fixme:win:FlashWindowEx 0x33c5b4 - semi-stub
fixme:win:FlashWindowEx 0x33d1f4 - semi-stub
fixme:imm:NotifyIME IMC_SETCANDIDATEPOS
fixme:win:FlashWindowEx 0x33c3c4 - semi-stub
fixme:ole:snapshot_QueryGetData (0x1e6228, 0x33a12c {cf 000d ptd (nil) aspect 1 lindex -1 tymed 1})
fixme:ole:snapshot_QueryGetData (0x1e6228, 0x33a108 {cf 000d ptd (nil) aspect 1 lindex -1 tymed 1})
fixme:ole:get_tymed_from_nonole_cf returning TYMED_NULL for cf 0010
fixme:imm:NotifyIME IMC_SETCANDIDATEPOS
fixme:win:FlashWindowEx 0x339d24 - semi-stub
fixme:win:RegisterTouchWindow (0x5008c 00000000): stub
fixme:win:RegisterTouchWindow (0x400be 00000000): stub
fixme:win:RegisterTouchWindow (0x7008c 00000000): stub
fixme:win:RegisterTouchWindow (0x600be 00000000): stub
fixme:win:FlashWindowEx 0x33d394 - semi-stub
fixme:win:RegisterTouchWindow (0x9008c 00000000): stub
fixme:win:RegisterTouchWindow (0x800be 00000000): stub
fixme:imm:NotifyIME IMC_SETCANDIDATEPOS
fixme:win:FlashWindowEx 0x33c3c4 - semi-stub
fixme:ole:snapshot_QueryGetData (0x1f7188, 0x33a12c {cf 000d ptd (nil) aspect 1 lindex -1 tymed 1})
fixme:ole:snapshot_QueryGetData (0x1f7188, 0x33a108 {cf 000d ptd (nil) aspect 1 lindex -1 tymed 1})
fixme:ole:get_tymed_from_nonole_cf returning TYMED_NULL for cf 0010
fixme:imm:NotifyIME IMC_SETCANDIDATEPOS
fixme:win:FlashWindowEx 0x339d24 - semi-stub
fixme:win:RegisterTouchWindow (0x400bc 00000000): stub
fixme:win:FlashWindowEx 0x339604 - semi-stub
fixme:win:FlashWindowEx 0x336f64 - semi-stub
fixme:win:RegisterTouchWindow (0x60092 00000000): stub
fixme:win:RegisterTouchWindow (0x700bc 00000000): stub
fixme:win:RegisterTouchWindow (0x80092 00000000): stub
fixme:win:RegisterTouchWindow (0x900bc 00000000): stub
fixme:win:FlashWindowEx 0x33d1f4 - semi-stub
fixme:win:FlashWindowEx 0x33d1f4 - semi-stub
fixme:win:RegisterTouchWindow (0xa0092 00000000): stub
fixme:win:FlashWindowEx 0x33d1f4 - semi-stub
fixme:win:FlashWindowEx 0x33bff4 - semi-stub
fixme:win:FlashWindowEx 0x339924 - semi-stub
fixme:msvcrt:__clean_type_info_names_internal (0x151d0a3c) stub
fixme:msvcrt:__clean_type_info_names_internal (0x158daa6c) stub
fixme:msvcrt:__clean_type_info_names_internal (0x152d559c) stub
fixme:msvcrt:__clean_type_info_names_internal (0x15ef2864) stub
fixme:msvcrt:__clean_type_info_names_internal (0x16002444) stub
fixme:msvcrt:__clean_type_info_names_internal (0x15095374) stub
fixme:msvcrt:__clean_type_info_names_internal (0x15ce6d8c) stub
fixme:msvcrt:__clean_type_info_names_internal (0x1715b29c) stub
fixme:msvcrt:__clean_type_info_names_internal (0x1621d01c) stub
fixme:msvcrt:__clean_type_info_names_internal (0x1309087c) stub
fixme:msvcrt:__clean_type_info_names_internal (0x2085454) stub
fixme:win:FlashWindowEx 0x33b744 - semi-stub
fixme:win:FlashWindowEx 0x33b9c4 - semi-stub
fixme:process:GetSystemDEPPolicy stub
fixme:process:GetSystemDEPPolicy stub
fixme:process:GetSystemDEPPolicy stub
fixme:msvcrt:__clean_type_info_names_internal (0x158daa6c) stub
fixme:msvcrt:__clean_type_info_names_internal (0x151d0a3c) stub
fixme:msvcrt:__clean_type_info_names_internal (0x15ef2864) stub
fixme:msvcrt:__clean_type_info_names_internal (0x159da364) stub
fixme:msvcrt:__clean_type_info_names_internal (0x153d562c) stub
fixme:msvcrt:__clean_type_info_names_internal (0x154d6394) stub
fixme:msvcrt:__clean_type_info_names_internal (0x155d6084) stub
fixme:msvcrt:__clean_type_info_names_internal (0x156d638c) stub
fixme:msvcrt:__clean_type_info_names_internal (0x152d559c) stub
fixme:msvcrt:__clean_type_info_names_internal (0x16002444) stub
fixme:msvcrt:__clean_type_info_names_internal (0x157d75ac) stub
fixme:msvcrt:__clean_type_info_names_internal (0x15ae0eec) stub
fixme:msvcrt:__clean_type_info_names_internal (0x15be5544) stub
fixme:imm:NotifyIME IMC_SETCANDIDATEPOS
fixme:msvcrt:__clean_type_info_names_internal (0x31ab9e4) stub
fixme:msvcrt:__clean_type_info_names_internal (0x658d95a4) stub
fixme:msvcrt:__clean_type_info_names_internal (0x6106083c) stub
fixme:msvcrt:__clean_type_info_names_internal (0x672c238c) stub
fixme:msvcrt:__clean_type_info_names_internal (0x101c33f4) stub
